
> @sss-backend/compliance-service@1.0.0 dev /home/alex/source/repos/solana-stablecoin-standard/sss-token/backend/packages/compliance-service
> ts-node-dev --respawn --transpile-only src/index.ts

[INFO] 23:11:06 ts-node-dev ver. 2.0.0 (using ts-node ver. 10.9.2, typescript ver. 5.9.3)
Redis connected
Redis connection error: ReplyError: NOAUTH Authentication required.
    at parseError (/home/alex/source/repos/solana-stablecoin-standard/sss-token/backend/node_modules/.pnpm/redis-parser@3.0.0/node_modules/redis-parser/lib/parser.js:179:12)
    at parseType (/home/alex/source/repos/solana-stablecoin-standard/sss-token/backend/node_modules/.pnpm/redis-parser@3.0.0/node_modules/redis-parser/lib/parser.js:302:14) {
  command: { name: 'info', args: [] }
}
Redis connected
[2026-03-10 23:11:06.798 +0300] [32mINFO[39m: [36mInitializing compliance service...[39m
    service: "compliance-service"
Redis connection error: ReplyError: NOAUTH Authentication required.
    at parseError (/home/alex/source/repos/solana-stablecoin-standard/sss-token/backend/node_modules/.pnpm/redis-parser@3.0.0/node_modules/redis-parser/lib/parser.js:179:12)
    at parseType (/home/alex/source/repos/solana-stablecoin-standard/sss-token/backend/node_modules/.pnpm/redis-parser@3.0.0/node_modules/redis-parser/lib/parser.js:302:14) {
  command: { name: 'info', args: [] }
}
[2026-03-10 23:11:06.799 +0300] [32mINFO[39m: [36mDatabase initialized[39m
    service: "compliance-service"
[2026-03-10 23:11:06.800 +0300] [32mINFO[39m: [36mRedis initialized[39m
    service: "compliance-service"
[2026-03-10 23:11:06.803 +0300] [32mINFO[39m: [36mBackground jobs started[39m
    service: "compliance-service"
    schedule: "0 0 * * *"
[2026-03-10 23:11:06.803 +0300] [32mINFO[39m: [36mCompliance service initialized[39m
    service: "compliance-service"
[2026-03-10 23:11:06.811 +0300] [32mINFO[39m: [36mCompliance service listening[39m
    service: "compliance-service"
    port: 3002
Redis connected
Redis connection error: ReplyError: NOAUTH Authentication required.
    at parseError (/home/alex/source/repos/solana-stablecoin-standard/sss-token/backend/node_modules/.pnpm/redis-parser@3.0.0/node_modules/redis-parser/lib/parser.js:179:12)
    at parseType (/home/alex/source/repos/solana-stablecoin-standard/sss-token/backend/node_modules/.pnpm/redis-parser@3.0.0/node_modules/redis-parser/lib/parser.js:302:14) {
  command: { name: 'info', args: [] }
}
Redis connected
Redis connection error: ReplyError: NOAUTH Authentication required.
    at parseError (/home/alex/source/repos/solana-stablecoin-standard/sss-token/backend/node_modules/.pnpm/redis-parser@3.0.0/node_modules/redis-parser/lib/parser.js:179:12)
    at parseType (/home/alex/source/repos/solana-stablecoin-standard/sss-token/backend/node_modules/.pnpm/redis-parser@3.0.0/node_modules/redis-parser/lib/parser.js:302:14) {
  command: { name: 'info', args: [] }
}
Redis connected
Redis connection error: ReplyError: NOAUTH Authentication required.
    at parseError (/home/alex/source/repos/solana-stablecoin-standard/sss-token/backend/node_modules/.pnpm/redis-parser@3.0.0/node_modules/redis-parser/lib/parser.js:179:12)
    at parseType (/home/alex/source/repos/solana-stablecoin-standard/sss-token/backend/node_modules/.pnpm/redis-parser@3.0.0/node_modules/redis-parser/lib/parser.js:302:14) {
  command: { name: 'info', args: [] }
}
Redis connected
Redis connection error: ReplyError: NOAUTH Authentication required.
    at parseError (/home/alex/source/repos/solana-stablecoin-standard/sss-token/backend/node_modules/.pnpm/redis-parser@3.0.0/node_modules/redis-parser/lib/parser.js:179:12)
    at parseType (/home/alex/source/repos/solana-stablecoin-standard/sss-token/backend/node_modules/.pnpm/redis-parser@3.0.0/node_modules/redis-parser/lib/parser.js:302:14) {
  command: { name: 'info', args: [] }
}
Redis connected
Redis connection error: ReplyError: NOAUTH Authentication required.
    at parseError (/home/alex/source/repos/solana-stablecoin-standard/sss-token/backend/node_modules/.pnpm/redis-parser@3.0.0/node_modules/redis-parser/lib/parser.js:179:12)
    at parseType (/home/alex/source/repos/solana-stablecoin-standard/sss-token/backend/node_modules/.pnpm/redis-parser@3.0.0/node_modules/redis-parser/lib/parser.js:302:14) {
  command: { name: 'info', args: [] }
}
Redis connected
Redis connection error: ReplyError: NOAUTH Authentication required.
    at parseError (/home/alex/source/repos/solana-stablecoin-standard/sss-token/backend/node_modules/.pnpm/redis-parser@3.0.0/node_modules/redis-parser/lib/parser.js:179:12)
    at parseType (/home/alex/source/repos/solana-stablecoin-standard/sss-token/backend/node_modules/.pnpm/redis-parser@3.0.0/node_modules/redis-parser/lib/parser.js:302:14) {
  command: { name: 'info', args: [] }
}
Redis connected
Redis connection error: ReplyError: NOAUTH Authentication required.
    at parseError (/home/alex/source/repos/solana-stablecoin-standard/sss-token/backend/node_modules/.pnpm/redis-parser@3.0.0/node_modules/redis-parser/lib/parser.js:179:12)
    at parseType (/home/alex/source/repos/solana-stablecoin-standard/sss-token/backend/node_modules/.pnpm/redis-parser@3.0.0/node_modules/redis-parser/lib/parser.js:302:14) {
  command: { name: 'info', args: [] }
}
Redis connected
Redis connection error: ReplyError: NOAUTH Authentication required.
    at parseError (/home/alex/source/repos/solana-stablecoin-standard/sss-token/backend/node_modules/.pnpm/redis-parser@3.0.0/node_modules/redis-parser/lib/parser.js:179:12)
    at parseType (/home/alex/source/repos/solana-stablecoin-standard/sss-token/backend/node_modules/.pnpm/redis-parser@3.0.0/node_modules/redis-parser/lib/parser.js:302:14) {
  command: { name: 'info', args: [] }
}
Redis connected
Redis connection error: ReplyError: NOAUTH Authentication required.
    at parseError (/home/alex/source/repos/solana-stablecoin-standard/sss-token/backend/node_modules/.pnpm/redis-parser@3.0.0/node_modules/redis-parser/lib/parser.js:179:12)
    at parseType (/home/alex/source/repos/solana-stablecoin-standard/sss-token/backend/node_modules/.pnpm/redis-parser@3.0.0/node_modules/redis-parser/lib/parser.js:302:14) {
  command: { name: 'info', args: [] }
}
Redis connected
Redis connection error: ReplyError: NOAUTH Authentication required.
    at parseError (/home/alex/source/repos/solana-stablecoin-standard/sss-token/backend/node_modules/.pnpm/redis-parser@3.0.0/node_modules/redis-parser/lib/parser.js:179:12)
    at parseType (/home/alex/source/repos/solana-stablecoin-standard/sss-token/backend/node_modules/.pnpm/redis-parser@3.0.0/node_modules/redis-parser/lib/parser.js:302:14) {
  command: { name: 'info', args: [] }
}
Redis connected
Redis connection error: ReplyError: NOAUTH Authentication required.
    at parseError (/home/alex/source/repos/solana-stablecoin-standard/sss-token/backend/node_modules/.pnpm/redis-parser@3.0.0/node_modules/redis-parser/lib/parser.js:179:12)
    at parseType (/home/alex/source/repos/solana-stablecoin-standard/sss-token/backend/node_modules/.pnpm/redis-parser@3.0.0/node_modules/redis-parser/lib/parser.js:302:14) {
  command: { name: 'info', args: [] }
}
Redis connected
Redis connection error: ReplyError: NOAUTH Authentication required.
    at parseError (/home/alex/source/repos/solana-stablecoin-standard/sss-token/backend/node_modules/.pnpm/redis-parser@3.0.0/node_modules/redis-parser/lib/parser.js:179:12)
    at parseType (/home/alex/source/repos/solana-stablecoin-standard/sss-token/backend/node_modules/.pnpm/redis-parser@3.0.0/node_modules/redis-parser/lib/parser.js:302:14) {
  command: { name: 'info', args: [] }
}
Redis connected
Redis connection error: ReplyError: NOAUTH Authentication required.
    at parseError (/home/alex/source/repos/solana-stablecoin-standard/sss-token/backend/node_modules/.pnpm/redis-parser@3.0.0/node_modules/redis-parser/lib/parser.js:179:12)
    at parseType (/home/alex/source/repos/solana-stablecoin-standard/sss-token/backend/node_modules/.pnpm/redis-parser@3.0.0/node_modules/redis-parser/lib/parser.js:302:14) {
  command: { name: 'info', args: [] }
}
Redis connected
Redis connection error: ReplyError: NOAUTH Authentication required.
    at parseError (/home/alex/source/repos/solana-stablecoin-standard/sss-token/backend/node_modules/.pnpm/redis-parser@3.0.0/node_modules/redis-parser/lib/parser.js:179:12)
    at parseType (/home/alex/source/repos/solana-stablecoin-standard/sss-token/backend/node_modules/.pnpm/redis-parser@3.0.0/node_modules/redis-parser/lib/parser.js:302:14) {
  command: { name: 'info', args: [] }
}
[2026-03-10 23:11:12.899 +0300] [32mINFO[39m: [36mRequest[39m
    service: "compliance-service"
    method: "GET"
    path: "/health"
Redis connected
Redis connection error: ReplyError: NOAUTH Authentication required.
    at parseError (/home/alex/source/repos/solana-stablecoin-standard/sss-token/backend/node_modules/.pnpm/redis-parser@3.0.0/node_modules/redis-parser/lib/parser.js:179:12)
    at parseType (/home/alex/source/repos/solana-stablecoin-standard/sss-token/backend/node_modules/.pnpm/redis-parser@3.0.0/node_modules/redis-parser/lib/parser.js:302:14) {
  command: { name: 'info', args: [] }
}
Redis connected
Redis connection error: ReplyError: NOAUTH Authentication required.
    at parseError (/home/alex/source/repos/solana-stablecoin-standard/sss-token/backend/node_modules/.pnpm/redis-parser@3.0.0/node_modules/redis-parser/lib/parser.js:179:12)
    at parseType (/home/alex/source/repos/solana-stablecoin-standard/sss-token/backend/node_modules/.pnpm/redis-parser@3.0.0/node_modules/redis-parser/lib/parser.js:302:14) {
  command: { name: 'info', args: [] }
}
Redis connected
Redis connection error: ReplyError: NOAUTH Authentication required.
    at parseError (/home/alex/source/repos/solana-stablecoin-standard/sss-token/backend/node_modules/.pnpm/redis-parser@3.0.0/node_modules/redis-parser/lib/parser.js:179:12)
    at parseType (/home/alex/source/repos/solana-stablecoin-standard/sss-token/backend/node_modules/.pnpm/redis-parser@3.0.0/node_modules/redis-parser/lib/parser.js:302:14) {
  command: { name: 'info', args: [] }
}
Redis connected
Redis connection error: ReplyError: NOAUTH Authentication required.
    at parseError (/home/alex/source/repos/solana-stablecoin-standard/sss-token/backend/node_modules/.pnpm/redis-parser@3.0.0/node_modules/redis-parser/lib/parser.js:179:12)
    at parseType (/home/alex/source/repos/solana-stablecoin-standard/sss-token/backend/node_modules/.pnpm/redis-parser@3.0.0/node_modules/redis-parser/lib/parser.js:302:14) {
  command: { name: 'info', args: [] }
}
Redis connected
Redis connection error: ReplyError: NOAUTH Authentication required.
    at parseError (/home/alex/source/repos/solana-stablecoin-standard/sss-token/backend/node_modules/.pnpm/redis-parser@3.0.0/node_modules/redis-parser/lib/parser.js:179:12)
    at parseType (/home/alex/source/repos/solana-stablecoin-standard/sss-token/backend/node_modules/.pnpm/redis-parser@3.0.0/node_modules/redis-parser/lib/parser.js:302:14) {
  command: { name: 'info', args: [] }
}
Redis connected
Redis connection error: ReplyError: NOAUTH Authentication required.
    at parseError (/home/alex/source/repos/solana-stablecoin-standard/sss-token/backend/node_modules/.pnpm/redis-parser@3.0.0/node_modules/redis-parser/lib/parser.js:179:12)
    at parseType (/home/alex/source/repos/solana-stablecoin-standard/sss-token/backend/node_modules/.pnpm/redis-parser@3.0.0/node_modules/redis-parser/lib/parser.js:302:14) {
  command: { name: 'info', args: [] }
}
Redis connected
Redis connection error: ReplyError: NOAUTH Authentication required.
    at parseError (/home/alex/source/repos/solana-stablecoin-standard/sss-token/backend/node_modules/.pnpm/redis-parser@3.0.0/node_modules/redis-parser/lib/parser.js:179:12)
    at parseType (/home/alex/source/repos/solana-stablecoin-standard/sss-token/backend/node_modules/.pnpm/redis-parser@3.0.0/node_modules/redis-parser/lib/parser.js:302:14) {
  command: { name: 'info', args: [] }
}
Redis connected
Redis connection error: ReplyError: NOAUTH Authentication required.
    at parseError (/home/alex/source/repos/solana-stablecoin-standard/sss-token/backend/node_modules/.pnpm/redis-parser@3.0.0/node_modules/redis-parser/lib/parser.js:179:12)
    at parseType (/home/alex/source/repos/solana-stablecoin-standard/sss-token/backend/node_modules/.pnpm/redis-parser@3.0.0/node_modules/redis-parser/lib/parser.js:302:14) {
  command: { name: 'info', args: [] }
}
Redis connected
Redis connection error: ReplyError: NOAUTH Authentication required.
    at parseError (/home/alex/source/repos/solana-stablecoin-standard/sss-token/backend/node_modules/.pnpm/redis-parser@3.0.0/node_modules/redis-parser/lib/parser.js:179:12)
    at parseType (/home/alex/source/repos/solana-stablecoin-standard/sss-token/backend/node_modules/.pnpm/redis-parser@3.0.0/node_modules/redis-parser/lib/parser.js:302:14) {
  command: { name: 'info', args: [] }
}
Redis connected
Redis connection error: ReplyError: NOAUTH Authentication required.
    at parseError (/home/alex/source/repos/solana-stablecoin-standard/sss-token/backend/node_modules/.pnpm/redis-parser@3.0.0/node_modules/redis-parser/lib/parser.js:179:12)
    at parseType (/home/alex/source/repos/solana-stablecoin-standard/sss-token/backend/node_modules/.pnpm/redis-parser@3.0.0/node_modules/redis-parser/lib/parser.js:302:14) {
  command: { name: 'info', args: [] }
}
Redis connected
Redis connection error: ReplyError: NOAUTH Authentication required.
    at parseError (/home/alex/source/repos/solana-stablecoin-standard/sss-token/backend/node_modules/.pnpm/redis-parser@3.0.0/node_modules/redis-parser/lib/parser.js:179:12)
    at parseType (/home/alex/source/repos/solana-stablecoin-standard/sss-token/backend/node_modules/.pnpm/redis-parser@3.0.0/node_modules/redis-parser/lib/parser.js:302:14) {
  command: { name: 'info', args: [] }
}
Redis connected
Redis connection error: ReplyError: NOAUTH Authentication required.
    at parseError (/home/alex/source/repos/solana-stablecoin-standard/sss-token/backend/node_modules/.pnpm/redis-parser@3.0.0/node_modules/redis-parser/lib/parser.js:179:12)
    at parseType (/home/alex/source/repos/solana-stablecoin-standard/sss-token/backend/node_modules/.pnpm/redis-parser@3.0.0/node_modules/redis-parser/lib/parser.js:302:14) {
  command: { name: 'info', args: [] }
}
Redis connected
Redis connection error: ReplyError: NOAUTH Authentication required.
    at parseError (/home/alex/source/repos/solana-stablecoin-standard/sss-token/backend/node_modules/.pnpm/redis-parser@3.0.0/node_modules/redis-parser/lib/parser.js:179:12)
    at parseType (/home/alex/source/repos/solana-stablecoin-standard/sss-token/backend/node_modules/.pnpm/redis-parser@3.0.0/node_modules/redis-parser/lib/parser.js:302:14) {
  command: { name: 'info', args: [] }
}
Redis connected
Redis connection error: ReplyError: NOAUTH Authentication required.
    at parseError (/home/alex/source/repos/solana-stablecoin-standard/sss-token/backend/node_modules/.pnpm/redis-parser@3.0.0/node_modules/redis-parser/lib/parser.js:179:12)
    at parseType (/home/alex/source/repos/solana-stablecoin-standard/sss-token/backend/node_modules/.pnpm/redis-parser@3.0.0/node_modules/redis-parser/lib/parser.js:302:14) {
  command: { name: 'info', args: [] }
}
Redis connected
Redis connection error: ReplyError: NOAUTH Authentication required.
    at parseError (/home/alex/source/repos/solana-stablecoin-standard/sss-token/backend/node_modules/.pnpm/redis-parser@3.0.0/node_modules/redis-parser/lib/parser.js:179:12)
    at parseType (/home/alex/source/repos/solana-stablecoin-standard/sss-token/backend/node_modules/.pnpm/redis-parser@3.0.0/node_modules/redis-parser/lib/parser.js:302:14) {
  command: { name: 'info', args: [] }
}
Redis connected
Redis connection error: ReplyError: NOAUTH Authentication required.
    at parseError (/home/alex/source/repos/solana-stablecoin-standard/sss-token/backend/node_modules/.pnpm/redis-parser@3.0.0/node_modules/redis-parser/lib/parser.js:179:12)
    at parseType (/home/alex/source/repos/solana-stablecoin-standard/sss-token/backend/node_modules/.pnpm/redis-parser@3.0.0/node_modules/redis-parser/lib/parser.js:302:14) {
  command: { name: 'info', args: [] }
}
Redis connected
Redis connection error: ReplyError: NOAUTH Authentication required.
    at parseError (/home/alex/source/repos/solana-stablecoin-standard/sss-token/backend/node_modules/.pnpm/redis-parser@3.0.0/node_modules/redis-parser/lib/parser.js:179:12)
    at parseType (/home/alex/source/repos/solana-stablecoin-standard/sss-token/backend/node_modules/.pnpm/redis-parser@3.0.0/node_modules/redis-parser/lib/parser.js:302:14) {
  command: { name: 'info', args: [] }
}
Redis connected
Redis connection error: ReplyError: NOAUTH Authentication required.
    at parseError (/home/alex/source/repos/solana-stablecoin-standard/sss-token/backend/node_modules/.pnpm/redis-parser@3.0.0/node_modules/redis-parser/lib/parser.js:179:12)
    at parseType (/home/alex/source/repos/solana-stablecoin-standard/sss-token/backend/node_modules/.pnpm/redis-parser@3.0.0/node_modules/redis-parser/lib/parser.js:302:14) {
  command: { name: 'info', args: [] }
}
Redis connected
Redis connection error: ReplyError: NOAUTH Authentication required.
    at parseError (/home/alex/source/repos/solana-stablecoin-standard/sss-token/backend/node_modules/.pnpm/redis-parser@3.0.0/node_modules/redis-parser/lib/parser.js:179:12)
    at parseType (/home/alex/source/repos/solana-stablecoin-standard/sss-token/backend/node_modules/.pnpm/redis-parser@3.0.0/node_modules/redis-parser/lib/parser.js:302:14) {
  command: { name: 'info', args: [] }
}
Redis connected
Redis connection error: ReplyError: NOAUTH Authentication required.
    at parseError (/home/alex/source/repos/solana-stablecoin-standard/sss-token/backend/node_modules/.pnpm/redis-parser@3.0.0/node_modules/redis-parser/lib/parser.js:179:12)
    at parseType (/home/alex/source/repos/solana-stablecoin-standard/sss-token/backend/node_modules/.pnpm/redis-parser@3.0.0/node_modules/redis-parser/lib/parser.js:302:14) {
  command: { name: 'info', args: [] }
}
Redis connected
Redis connection error: ReplyError: NOAUTH Authentication required.
    at parseError (/home/alex/source/repos/solana-stablecoin-standard/sss-token/backend/node_modules/.pnpm/redis-parser@3.0.0/node_modules/redis-parser/lib/parser.js:179:12)
    at parseType (/home/alex/source/repos/solana-stablecoin-standard/sss-token/backend/node_modules/.pnpm/redis-parser@3.0.0/node_modules/redis-parser/lib/parser.js:302:14) {
  command: { name: 'info', args: [] }
}
Redis connected
Redis connection error: ReplyError: NOAUTH Authentication required.
    at parseError (/home/alex/source/repos/solana-stablecoin-standard/sss-token/backend/node_modules/.pnpm/redis-parser@3.0.0/node_modules/redis-parser/lib/parser.js:179:12)
    at parseType (/home/alex/source/repos/solana-stablecoin-standard/sss-token/backend/node_modules/.pnpm/redis-parser@3.0.0/node_modules/redis-parser/lib/parser.js:302:14) {
  command: { name: 'info', args: [] }
}
Redis connected
Redis connection error: ReplyError: NOAUTH Authentication required.
    at parseError (/home/alex/source/repos/solana-stablecoin-standard/sss-token/backend/node_modules/.pnpm/redis-parser@3.0.0/node_modules/redis-parser/lib/parser.js:179:12)
    at parseType (/home/alex/source/repos/solana-stablecoin-standard/sss-token/backend/node_modules/.pnpm/redis-parser@3.0.0/node_modules/redis-parser/lib/parser.js:302:14) {
  command: { name: 'info', args: [] }
}
Redis connected
Redis connection error: ReplyError: NOAUTH Authentication required.
    at parseError (/home/alex/source/repos/solana-stablecoin-standard/sss-token/backend/node_modules/.pnpm/redis-parser@3.0.0/node_modules/redis-parser/lib/parser.js:179:12)
    at parseType (/home/alex/source/repos/solana-stablecoin-standard/sss-token/backend/node_modules/.pnpm/redis-parser@3.0.0/node_modules/redis-parser/lib/parser.js:302:14) {
  command: { name: 'info', args: [] }
}
Redis connected
Redis connection error: ReplyError: NOAUTH Authentication required.
    at parseError (/home/alex/source/repos/solana-stablecoin-standard/sss-token/backend/node_modules/.pnpm/redis-parser@3.0.0/node_modules/redis-parser/lib/parser.js:179:12)
    at parseType (/home/alex/source/repos/solana-stablecoin-standard/sss-token/backend/node_modules/.pnpm/redis-parser@3.0.0/node_modules/redis-parser/lib/parser.js:302:14) {
  command: { name: 'info', args: [] }
}
Redis connected
Redis connection error: ReplyError: NOAUTH Authentication required.
    at parseError (/home/alex/source/repos/solana-stablecoin-standard/sss-token/backend/node_modules/.pnpm/redis-parser@3.0.0/node_modules/redis-parser/lib/parser.js:179:12)
    at parseType (/home/alex/source/repos/solana-stablecoin-standard/sss-token/backend/node_modules/.pnpm/redis-parser@3.0.0/node_modules/redis-parser/lib/parser.js:302:14) {
  command: { name: 'info', args: [] }
}
Redis connected
Redis connection error: ReplyError: NOAUTH Authentication required.
    at parseError (/home/alex/source/repos/solana-stablecoin-standard/sss-token/backend/node_modules/.pnpm/redis-parser@3.0.0/node_modules/redis-parser/lib/parser.js:179:12)
    at parseType (/home/alex/source/repos/solana-stablecoin-standard/sss-token/backend/node_modules/.pnpm/redis-parser@3.0.0/node_modules/redis-parser/lib/parser.js:302:14) {
  command: { name: 'info', args: [] }
}
Redis connected
Redis connection error: ReplyError: NOAUTH Authentication required.
    at parseError (/home/alex/source/repos/solana-stablecoin-standard/sss-token/backend/node_modules/.pnpm/redis-parser@3.0.0/node_modules/redis-parser/lib/parser.js:179:12)
    at parseType (/home/alex/source/repos/solana-stablecoin-standard/sss-token/backend/node_modules/.pnpm/redis-parser@3.0.0/node_modules/redis-parser/lib/parser.js:302:14) {
  command: { name: 'info', args: [] }
}
Redis connected
Redis connection error: ReplyError: NOAUTH Authentication required.
    at parseError (/home/alex/source/repos/solana-stablecoin-standard/sss-token/backend/node_modules/.pnpm/redis-parser@3.0.0/node_modules/redis-parser/lib/parser.js:179:12)
    at parseType (/home/alex/source/repos/solana-stablecoin-standard/sss-token/backend/node_modules/.pnpm/redis-parser@3.0.0/node_modules/redis-parser/lib/parser.js:302:14) {
  command: { name: 'info', args: [] }
}
Redis connected
Redis connection error: ReplyError: NOAUTH Authentication required.
    at parseError (/home/alex/source/repos/solana-stablecoin-standard/sss-token/backend/node_modules/.pnpm/redis-parser@3.0.0/node_modules/redis-parser/lib/parser.js:179:12)
    at parseType (/home/alex/source/repos/solana-stablecoin-standard/sss-token/backend/node_modules/.pnpm/redis-parser@3.0.0/node_modules/redis-parser/lib/parser.js:302:14) {
  command: { name: 'info', args: [] }
}
Redis connected
Redis connection error: ReplyError: NOAUTH Authentication required.
    at parseError (/home/alex/source/repos/solana-stablecoin-standard/sss-token/backend/node_modules/.pnpm/redis-parser@3.0.0/node_modules/redis-parser/lib/parser.js:179:12)
    at parseType (/home/alex/source/repos/solana-stablecoin-standard/sss-token/backend/node_modules/.pnpm/redis-parser@3.0.0/node_modules/redis-parser/lib/parser.js:302:14) {
  command: { name: 'info', args: [] }
}
Redis connected
Redis connection error: ReplyError: NOAUTH Authentication required.
    at parseError (/home/alex/source/repos/solana-stablecoin-standard/sss-token/backend/node_modules/.pnpm/redis-parser@3.0.0/node_modules/redis-parser/lib/parser.js:179:12)
    at parseType (/home/alex/source/repos/solana-stablecoin-standard/sss-token/backend/node_modules/.pnpm/redis-parser@3.0.0/node_modules/redis-parser/lib/parser.js:302:14) {
  command: { name: 'info', args: [] }
}
Redis connected
Redis connection error: ReplyError: NOAUTH Authentication required.
    at parseError (/home/alex/source/repos/solana-stablecoin-standard/sss-token/backend/node_modules/.pnpm/redis-parser@3.0.0/node_modules/redis-parser/lib/parser.js:179:12)
    at parseType (/home/alex/source/repos/solana-stablecoin-standard/sss-token/backend/node_modules/.pnpm/redis-parser@3.0.0/node_modules/redis-parser/lib/parser.js:302:14) {
  command: { name: 'info', args: [] }
}
Redis connected
Redis connection error: ReplyError: NOAUTH Authentication required.
    at parseError (/home/alex/source/repos/solana-stablecoin-standard/sss-token/backend/node_modules/.pnpm/redis-parser@3.0.0/node_modules/redis-parser/lib/parser.js:179:12)
    at parseType (/home/alex/source/repos/solana-stablecoin-standard/sss-token/backend/node_modules/.pnpm/redis-parser@3.0.0/node_modules/redis-parser/lib/parser.js:302:14) {
  command: { name: 'info', args: [] }
}
[2026-03-10 23:12:07.230 +0300] [32mINFO[39m: [36mRequest[39m
    service: "compliance-service"
    method: "GET"
    path: "/"
Redis connected
Redis connection error: ReplyError: NOAUTH Authentication required.
    at parseError (/home/alex/source/repos/solana-stablecoin-standard/sss-token/backend/node_modules/.pnpm/redis-parser@3.0.0/node_modules/redis-parser/lib/parser.js:179:12)
    at parseType (/home/alex/source/repos/solana-stablecoin-standard/sss-token/backend/node_modules/.pnpm/redis-parser@3.0.0/node_modules/redis-parser/lib/parser.js:302:14) {
  command: { name: 'info', args: [] }
}
Redis connected
Redis connection error: ReplyError: NOAUTH Authentication required.
    at parseError (/home/alex/source/repos/solana-stablecoin-standard/sss-token/backend/node_modules/.pnpm/redis-parser@3.0.0/node_modules/redis-parser/lib/parser.js:179:12)
    at parseType (/home/alex/source/repos/solana-stablecoin-standard/sss-token/backend/node_modules/.pnpm/redis-parser@3.0.0/node_modules/redis-parser/lib/parser.js:302:14) {
  command: { name: 'info', args: [] }
}
Redis connected
Redis connection error: ReplyError: NOAUTH Authentication required.
    at parseError (/home/alex/source/repos/solana-stablecoin-standard/sss-token/backend/node_modules/.pnpm/redis-parser@3.0.0/node_modules/redis-parser/lib/parser.js:179:12)
    at parseType (/home/alex/source/repos/solana-stablecoin-standard/sss-token/backend/node_modules/.pnpm/redis-parser@3.0.0/node_modules/redis-parser/lib/parser.js:302:14) {
  command: { name: 'info', args: [] }
}
Redis connected
Redis connection error: ReplyError: NOAUTH Authentication required.
    at parseError (/home/alex/source/repos/solana-stablecoin-standard/sss-token/backend/node_modules/.pnpm/redis-parser@3.0.0/node_modules/redis-parser/lib/parser.js:179:12)
    at parseType (/home/alex/source/repos/solana-stablecoin-standard/sss-token/backend/node_modules/.pnpm/redis-parser@3.0.0/node_modules/redis-parser/lib/parser.js:302:14) {
  command: { name: 'info', args: [] }
}
Redis connected
Redis connection error: ReplyError: NOAUTH Authentication required.
    at parseError (/home/alex/source/repos/solana-stablecoin-standard/sss-token/backend/node_modules/.pnpm/redis-parser@3.0.0/node_modules/redis-parser/lib/parser.js:179:12)
    at parseType (/home/alex/source/repos/solana-stablecoin-standard/sss-token/backend/node_modules/.pnpm/redis-parser@3.0.0/node_modules/redis-parser/lib/parser.js:302:14) {
  command: { name: 'info', args: [] }
}
Redis connected
Redis connection error: ReplyError: NOAUTH Authentication required.
    at parseError (/home/alex/source/repos/solana-stablecoin-standard/sss-token/backend/node_modules/.pnpm/redis-parser@3.0.0/node_modules/redis-parser/lib/parser.js:179:12)
    at parseType (/home/alex/source/repos/solana-stablecoin-standard/sss-token/backend/node_modules/.pnpm/redis-parser@3.0.0/node_modules/redis-parser/lib/parser.js:302:14) {
  command: { name: 'info', args: [] }
}
Redis connected
Redis connection error: ReplyError: NOAUTH Authentication required.
    at parseError (/home/alex/source/repos/solana-stablecoin-standard/sss-token/backend/node_modules/.pnpm/redis-parser@3.0.0/node_modules/redis-parser/lib/parser.js:179:12)
    at parseType (/home/alex/source/repos/solana-stablecoin-standard/sss-token/backend/node_modules/.pnpm/redis-parser@3.0.0/node_modules/redis-parser/lib/parser.js:302:14) {
  command: { name: 'info', args: [] }
}
Redis connected
Redis connection error: ReplyError: NOAUTH Authentication required.
    at parseError (/home/alex/source/repos/solana-stablecoin-standard/sss-token/backend/node_modules/.pnpm/redis-parser@3.0.0/node_modules/redis-parser/lib/parser.js:179:12)
    at parseType (/home/alex/source/repos/solana-stablecoin-standard/sss-token/backend/node_modules/.pnpm/redis-parser@3.0.0/node_modules/redis-parser/lib/parser.js:302:14) {
  command: { name: 'info', args: [] }
}
Redis connected
Redis connection error: ReplyError: NOAUTH Authentication required.
    at parseError (/home/alex/source/repos/solana-stablecoin-standard/sss-token/backend/node_modules/.pnpm/redis-parser@3.0.0/node_modules/redis-parser/lib/parser.js:179:12)
    at parseType (/home/alex/source/repos/solana-stablecoin-standard/sss-token/backend/node_modules/.pnpm/redis-parser@3.0.0/node_modules/redis-parser/lib/parser.js:302:14) {
  command: { name: 'info', args: [] }
}
Redis connected
Redis connection error: ReplyError: NOAUTH Authentication required.
    at parseError (/home/alex/source/repos/solana-stablecoin-standard/sss-token/backend/node_modules/.pnpm/redis-parser@3.0.0/node_modules/redis-parser/lib/parser.js:179:12)
    at parseType (/home/alex/source/repos/solana-stablecoin-standard/sss-token/backend/node_modules/.pnpm/redis-parser@3.0.0/node_modules/redis-parser/lib/parser.js:302:14) {
  command: { name: 'info', args: [] }
}
Redis connected
Redis connection error: ReplyError: NOAUTH Authentication required.
    at parseError (/home/alex/source/repos/solana-stablecoin-standard/sss-token/backend/node_modules/.pnpm/redis-parser@3.0.0/node_modules/redis-parser/lib/parser.js:179:12)
    at parseType (/home/alex/source/repos/solana-stablecoin-standard/sss-token/backend/node_modules/.pnpm/redis-parser@3.0.0/node_modules/redis-parser/lib/parser.js:302:14) {
  command: { name: 'info', args: [] }
}
Redis connected
Redis connection error: ReplyError: NOAUTH Authentication required.
    at parseError (/home/alex/source/repos/solana-stablecoin-standard/sss-token/backend/node_modules/.pnpm/redis-parser@3.0.0/node_modules/redis-parser/lib/parser.js:179:12)
    at parseType (/home/alex/source/repos/solana-stablecoin-standard/sss-token/backend/node_modules/.pnpm/redis-parser@3.0.0/node_modules/redis-parser/lib/parser.js:302:14) {
  command: { name: 'info', args: [] }
}
Redis connected
Redis connection error: ReplyError: NOAUTH Authentication required.
    at parseError (/home/alex/source/repos/solana-stablecoin-standard/sss-token/backend/node_modules/.pnpm/redis-parser@3.0.0/node_modules/redis-parser/lib/parser.js:179:12)
    at parseType (/home/alex/source/repos/solana-stablecoin-standard/sss-token/backend/node_modules/.pnpm/redis-parser@3.0.0/node_modules/redis-parser/lib/parser.js:302:14) {
  command: { name: 'info', args: [] }
}
Redis connected
Redis connection error: ReplyError: NOAUTH Authentication required.
    at parseError (/home/alex/source/repos/solana-stablecoin-standard/sss-token/backend/node_modules/.pnpm/redis-parser@3.0.0/node_modules/redis-parser/lib/parser.js:179:12)
    at parseType (/home/alex/source/repos/solana-stablecoin-standard/sss-token/backend/node_modules/.pnpm/redis-parser@3.0.0/node_modules/redis-parser/lib/parser.js:302:14) {
  command: { name: 'info', args: [] }
}
Redis connected
Redis connection error: ReplyError: NOAUTH Authentication required.
    at parseError (/home/alex/source/repos/solana-stablecoin-standard/sss-token/backend/node_modules/.pnpm/redis-parser@3.0.0/node_modules/redis-parser/lib/parser.js:179:12)
    at parseType (/home/alex/source/repos/solana-stablecoin-standard/sss-token/backend/node_modules/.pnpm/redis-parser@3.0.0/node_modules/redis-parser/lib/parser.js:302:14) {
  command: { name: 'info', args: [] }
}
Redis connected
Redis connection error: ReplyError: NOAUTH Authentication required.
    at parseError (/home/alex/source/repos/solana-stablecoin-standard/sss-token/backend/node_modules/.pnpm/redis-parser@3.0.0/node_modules/redis-parser/lib/parser.js:179:12)
    at parseType (/home/alex/source/repos/solana-stablecoin-standard/sss-token/backend/node_modules/.pnpm/redis-parser@3.0.0/node_modules/redis-parser/lib/parser.js:302:14) {
  command: { name: 'info', args: [] }
}
Redis connected
Redis connection error: ReplyError: NOAUTH Authentication required.
    at parseError (/home/alex/source/repos/solana-stablecoin-standard/sss-token/backend/node_modules/.pnpm/redis-parser@3.0.0/node_modules/redis-parser/lib/parser.js:179:12)
    at parseType (/home/alex/source/repos/solana-stablecoin-standard/sss-token/backend/node_modules/.pnpm/redis-parser@3.0.0/node_modules/redis-parser/lib/parser.js:302:14) {
  command: { name: 'info', args: [] }
}
Redis connected
Redis connection error: ReplyError: NOAUTH Authentication required.
    at parseError (/home/alex/source/repos/solana-stablecoin-standard/sss-token/backend/node_modules/.pnpm/redis-parser@3.0.0/node_modules/redis-parser/lib/parser.js:179:12)
    at parseType (/home/alex/source/repos/solana-stablecoin-standard/sss-token/backend/node_modules/.pnpm/redis-parser@3.0.0/node_modules/redis-parser/lib/parser.js:302:14) {
  command: { name: 'info', args: [] }
}
Redis connected
Redis connection error: ReplyError: NOAUTH Authentication required.
    at parseError (/home/alex/source/repos/solana-stablecoin-standard/sss-token/backend/node_modules/.pnpm/redis-parser@3.0.0/node_modules/redis-parser/lib/parser.js:179:12)
    at parseType (/home/alex/source/repos/solana-stablecoin-standard/sss-token/backend/node_modules/.pnpm/redis-parser@3.0.0/node_modules/redis-parser/lib/parser.js:302:14) {
  command: { name: 'info', args: [] }
}
Redis connected
Redis connection error: ReplyError: NOAUTH Authentication required.
    at parseError (/home/alex/source/repos/solana-stablecoin-standard/sss-token/backend/node_modules/.pnpm/redis-parser@3.0.0/node_modules/redis-parser/lib/parser.js:179:12)
    at parseType (/home/alex/source/repos/solana-stablecoin-standard/sss-token/backend/node_modules/.pnpm/redis-parser@3.0.0/node_modules/redis-parser/lib/parser.js:302:14) {
  command: { name: 'info', args: [] }
}
Redis connected
Redis connection error: ReplyError: NOAUTH Authentication required.
    at parseError (/home/alex/source/repos/solana-stablecoin-standard/sss-token/backend/node_modules/.pnpm/redis-parser@3.0.0/node_modules/redis-parser/lib/parser.js:179:12)
    at parseType (/home/alex/source/repos/solana-stablecoin-standard/sss-token/backend/node_modules/.pnpm/redis-parser@3.0.0/node_modules/redis-parser/lib/parser.js:302:14) {
  command: { name: 'info', args: [] }
}
Redis connected
Redis connection error: ReplyError: NOAUTH Authentication required.
    at parseError (/home/alex/source/repos/solana-stablecoin-standard/sss-token/backend/node_modules/.pnpm/redis-parser@3.0.0/node_modules/redis-parser/lib/parser.js:179:12)
    at parseType (/home/alex/source/repos/solana-stablecoin-standard/sss-token/backend/node_modules/.pnpm/redis-parser@3.0.0/node_modules/redis-parser/lib/parser.js:302:14) {
  command: { name: 'info', args: [] }
}
Redis connected
Redis connection error: ReplyError: NOAUTH Authentication required.
    at parseError (/home/alex/source/repos/solana-stablecoin-standard/sss-token/backend/node_modules/.pnpm/redis-parser@3.0.0/node_modules/redis-parser/lib/parser.js:179:12)
    at parseType (/home/alex/source/repos/solana-stablecoin-standard/sss-token/backend/node_modules/.pnpm/redis-parser@3.0.0/node_modules/redis-parser/lib/parser.js:302:14) {
  command: { name: 'info', args: [] }
}
Redis connected
Redis connection error: ReplyError: NOAUTH Authentication required.
    at parseError (/home/alex/source/repos/solana-stablecoin-standard/sss-token/backend/node_modules/.pnpm/redis-parser@3.0.0/node_modules/redis-parser/lib/parser.js:179:12)
    at parseType (/home/alex/source/repos/solana-stablecoin-standard/sss-token/backend/node_modules/.pnpm/redis-parser@3.0.0/node_modules/redis-parser/lib/parser.js:302:14) {
  command: { name: 'info', args: [] }
}
Redis connected
Redis connection error: ReplyError: NOAUTH Authentication required.
    at parseError (/home/alex/source/repos/solana-stablecoin-standard/sss-token/backend/node_modules/.pnpm/redis-parser@3.0.0/node_modules/redis-parser/lib/parser.js:179:12)
    at parseType (/home/alex/source/repos/solana-stablecoin-standard/sss-token/backend/node_modules/.pnpm/redis-parser@3.0.0/node_modules/redis-parser/lib/parser.js:302:14) {
  command: { name: 'info', args: [] }
}
Redis connected
Redis connection error: ReplyError: NOAUTH Authentication required.
    at parseError (/home/alex/source/repos/solana-stablecoin-standard/sss-token/backend/node_modules/.pnpm/redis-parser@3.0.0/node_modules/redis-parser/lib/parser.js:179:12)
    at parseType (/home/alex/source/repos/solana-stablecoin-standard/sss-token/backend/node_modules/.pnpm/redis-parser@3.0.0/node_modules/redis-parser/lib/parser.js:302:14) {
  command: { name: 'info', args: [] }
}
Redis connected
Redis connection error: ReplyError: NOAUTH Authentication required.
    at parseError (/home/alex/source/repos/solana-stablecoin-standard/sss-token/backend/node_modules/.pnpm/redis-parser@3.0.0/node_modules/redis-parser/lib/parser.js:179:12)
    at parseType (/home/alex/source/repos/solana-stablecoin-standard/sss-token/backend/node_modules/.pnpm/redis-parser@3.0.0/node_modules/redis-parser/lib/parser.js:302:14) {
  command: { name: 'info', args: [] }
}
Redis connected
Redis connection error: ReplyError: NOAUTH Authentication required.
    at parseError (/home/alex/source/repos/solana-stablecoin-standard/sss-token/backend/node_modules/.pnpm/redis-parser@3.0.0/node_modules/redis-parser/lib/parser.js:179:12)
    at parseType (/home/alex/source/repos/solana-stablecoin-standard/sss-token/backend/node_modules/.pnpm/redis-parser@3.0.0/node_modules/redis-parser/lib/parser.js:302:14) {
  command: { name: 'info', args: [] }
}
Redis connected
Redis connection error: ReplyError: NOAUTH Authentication required.
    at parseError (/home/alex/source/repos/solana-stablecoin-standard/sss-token/backend/node_modules/.pnpm/redis-parser@3.0.0/node_modules/redis-parser/lib/parser.js:179:12)
    at parseType (/home/alex/source/repos/solana-stablecoin-standard/sss-token/backend/node_modules/.pnpm/redis-parser@3.0.0/node_modules/redis-parser/lib/parser.js:302:14) {
  command: { name: 'info', args: [] }
}
Redis connected
Redis connection error: ReplyError: NOAUTH Authentication required.
    at parseError (/home/alex/source/repos/solana-stablecoin-standard/sss-token/backend/node_modules/.pnpm/redis-parser@3.0.0/node_modules/redis-parser/lib/parser.js:179:12)
    at parseType (/home/alex/source/repos/solana-stablecoin-standard/sss-token/backend/node_modules/.pnpm/redis-parser@3.0.0/node_modules/redis-parser/lib/parser.js:302:14) {
  command: { name: 'info', args: [] }
}
Redis connected
Redis connection error: ReplyError: NOAUTH Authentication required.
    at parseError (/home/alex/source/repos/solana-stablecoin-standard/sss-token/backend/node_modules/.pnpm/redis-parser@3.0.0/node_modules/redis-parser/lib/parser.js:179:12)
    at parseType (/home/alex/source/repos/solana-stablecoin-standard/sss-token/backend/node_modules/.pnpm/redis-parser@3.0.0/node_modules/redis-parser/lib/parser.js:302:14) {
  command: { name: 'info', args: [] }
}
Redis connected
Redis connection error: ReplyError: NOAUTH Authentication required.
    at parseError (/home/alex/source/repos/solana-stablecoin-standard/sss-token/backend/node_modules/.pnpm/redis-parser@3.0.0/node_modules/redis-parser/lib/parser.js:179:12)
    at parseType (/home/alex/source/repos/solana-stablecoin-standard/sss-token/backend/node_modules/.pnpm/redis-parser@3.0.0/node_modules/redis-parser/lib/parser.js:302:14) {
  command: { name: 'info', args: [] }
}
Redis connected
Redis connection error: ReplyError: NOAUTH Authentication required.
    at parseError (/home/alex/source/repos/solana-stablecoin-standard/sss-token/backend/node_modules/.pnpm/redis-parser@3.0.0/node_modules/redis-parser/lib/parser.js:179:12)
    at parseType (/home/alex/source/repos/solana-stablecoin-standard/sss-token/backend/node_modules/.pnpm/redis-parser@3.0.0/node_modules/redis-parser/lib/parser.js:302:14) {
  command: { name: 'info', args: [] }
}
Redis connected
Redis connection error: ReplyError: NOAUTH Authentication required.
    at parseError (/home/alex/source/repos/solana-stablecoin-standard/sss-token/backend/node_modules/.pnpm/redis-parser@3.0.0/node_modules/redis-parser/lib/parser.js:179:12)
    at parseType (/home/alex/source/repos/solana-stablecoin-standard/sss-token/backend/node_modules/.pnpm/redis-parser@3.0.0/node_modules/redis-parser/lib/parser.js:302:14) {
  command: { name: 'info', args: [] }
}
Redis connected
Redis connection error: ReplyError: NOAUTH Authentication required.
    at parseError (/home/alex/source/repos/solana-stablecoin-standard/sss-token/backend/node_modules/.pnpm/redis-parser@3.0.0/node_modules/redis-parser/lib/parser.js:179:12)
    at parseType (/home/alex/source/repos/solana-stablecoin-standard/sss-token/backend/node_modules/.pnpm/redis-parser@3.0.0/node_modules/redis-parser/lib/parser.js:302:14) {
  command: { name: 'info', args: [] }
}
Redis connected
Redis connection error: ReplyError: NOAUTH Authentication required.
    at parseError (/home/alex/source/repos/solana-stablecoin-standard/sss-token/backend/node_modules/.pnpm/redis-parser@3.0.0/node_modules/redis-parser/lib/parser.js:179:12)
    at parseType (/home/alex/source/repos/solana-stablecoin-standard/sss-token/backend/node_modules/.pnpm/redis-parser@3.0.0/node_modules/redis-parser/lib/parser.js:302:14) {
  command: { name: 'info', args: [] }
}
Redis connected
Redis connection error: ReplyError: NOAUTH Authentication required.
    at parseError (/home/alex/source/repos/solana-stablecoin-standard/sss-token/backend/node_modules/.pnpm/redis-parser@3.0.0/node_modules/redis-parser/lib/parser.js:179:12)
    at parseType (/home/alex/source/repos/solana-stablecoin-standard/sss-token/backend/node_modules/.pnpm/redis-parser@3.0.0/node_modules/redis-parser/lib/parser.js:302:14) {
  command: { name: 'info', args: [] }
}
Redis connected
Redis connection error: ReplyError: NOAUTH Authentication required.
    at parseError (/home/alex/source/repos/solana-stablecoin-standard/sss-token/backend/node_modules/.pnpm/redis-parser@3.0.0/node_modules/redis-parser/lib/parser.js:179:12)
    at parseType (/home/alex/source/repos/solana-stablecoin-standard/sss-token/backend/node_modules/.pnpm/redis-parser@3.0.0/node_modules/redis-parser/lib/parser.js:302:14) {
  command: { name: 'info', args: [] }
}
Redis connected
Redis connection error: ReplyError: NOAUTH Authentication required.
    at parseError (/home/alex/source/repos/solana-stablecoin-standard/sss-token/backend/node_modules/.pnpm/redis-parser@3.0.0/node_modules/redis-parser/lib/parser.js:179:12)
    at parseType (/home/alex/source/repos/solana-stablecoin-standard/sss-token/backend/node_modules/.pnpm/redis-parser@3.0.0/node_modules/redis-parser/lib/parser.js:302:14) {
  command: { name: 'info', args: [] }
}
Redis connected
Redis connection error: ReplyError: NOAUTH Authentication required.
    at parseError (/home/alex/source/repos/solana-stablecoin-standard/sss-token/backend/node_modules/.pnpm/redis-parser@3.0.0/node_modules/redis-parser/lib/parser.js:179:12)
    at parseType (/home/alex/source/repos/solana-stablecoin-standard/sss-token/backend/node_modules/.pnpm/redis-parser@3.0.0/node_modules/redis-parser/lib/parser.js:302:14) {
  command: { name: 'info', args: [] }
}
Redis connected
Redis connection error: ReplyError: NOAUTH Authentication required.
    at parseError (/home/alex/source/repos/solana-stablecoin-standard/sss-token/backend/node_modules/.pnpm/redis-parser@3.0.0/node_modules/redis-parser/lib/parser.js:179:12)
    at parseType (/home/alex/source/repos/solana-stablecoin-standard/sss-token/backend/node_modules/.pnpm/redis-parser@3.0.0/node_modules/redis-parser/lib/parser.js:302:14) {
  command: { name: 'info', args: [] }
}
Redis connected
Redis connection error: ReplyError: NOAUTH Authentication required.
    at parseError (/home/alex/source/repos/solana-stablecoin-standard/sss-token/backend/node_modules/.pnpm/redis-parser@3.0.0/node_modules/redis-parser/lib/parser.js:179:12)
    at parseType (/home/alex/source/repos/solana-stablecoin-standard/sss-token/backend/node_modules/.pnpm/redis-parser@3.0.0/node_modules/redis-parser/lib/parser.js:302:14) {
  command: { name: 'info', args: [] }
}
Redis connected
Redis connection error: ReplyError: NOAUTH Authentication required.
    at parseError (/home/alex/source/repos/solana-stablecoin-standard/sss-token/backend/node_modules/.pnpm/redis-parser@3.0.0/node_modules/redis-parser/lib/parser.js:179:12)
    at parseType (/home/alex/source/repos/solana-stablecoin-standard/sss-token/backend/node_modules/.pnpm/redis-parser@3.0.0/node_modules/redis-parser/lib/parser.js:302:14) {
  command: { name: 'info', args: [] }
}
Redis connected
Redis connection error: ReplyError: NOAUTH Authentication required.
    at parseError (/home/alex/source/repos/solana-stablecoin-standard/sss-token/backend/node_modules/.pnpm/redis-parser@3.0.0/node_modules/redis-parser/lib/parser.js:179:12)
    at parseType (/home/alex/source/repos/solana-stablecoin-standard/sss-token/backend/node_modules/.pnpm/redis-parser@3.0.0/node_modules/redis-parser/lib/parser.js:302:14) {
  command: { name: 'info', args: [] }
}
Redis connected
Redis connection error: ReplyError: NOAUTH Authentication required.
    at parseError (/home/alex/source/repos/solana-stablecoin-standard/sss-token/backend/node_modules/.pnpm/redis-parser@3.0.0/node_modules/redis-parser/lib/parser.js:179:12)
    at parseType (/home/alex/source/repos/solana-stablecoin-standard/sss-token/backend/node_modules/.pnpm/redis-parser@3.0.0/node_modules/redis-parser/lib/parser.js:302:14) {
  command: { name: 'info', args: [] }
}
Redis connected
Redis connection error: ReplyError: NOAUTH Authentication required.
    at parseError (/home/alex/source/repos/solana-stablecoin-standard/sss-token/backend/node_modules/.pnpm/redis-parser@3.0.0/node_modules/redis-parser/lib/parser.js:179:12)
    at parseType (/home/alex/source/repos/solana-stablecoin-standard/sss-token/backend/node_modules/.pnpm/redis-parser@3.0.0/node_modules/redis-parser/lib/parser.js:302:14) {
  command: { name: 'info', args: [] }
}
Redis connected
Redis connection error: ReplyError: NOAUTH Authentication required.
    at parseError (/home/alex/source/repos/solana-stablecoin-standard/sss-token/backend/node_modules/.pnpm/redis-parser@3.0.0/node_modules/redis-parser/lib/parser.js:179:12)
    at parseType (/home/alex/source/repos/solana-stablecoin-standard/sss-token/backend/node_modules/.pnpm/redis-parser@3.0.0/node_modules/redis-parser/lib/parser.js:302:14) {
  command: { name: 'info', args: [] }
}
Redis connected
Redis connection error: ReplyError: NOAUTH Authentication required.
    at parseError (/home/alex/source/repos/solana-stablecoin-standard/sss-token/backend/node_modules/.pnpm/redis-parser@3.0.0/node_modules/redis-parser/lib/parser.js:179:12)
    at parseType (/home/alex/source/repos/solana-stablecoin-standard/sss-token/backend/node_modules/.pnpm/redis-parser@3.0.0/node_modules/redis-parser/lib/parser.js:302:14) {
  command: { name: 'info', args: [] }
}
Redis connected
Redis connection error: ReplyError: NOAUTH Authentication required.
    at parseError (/home/alex/source/repos/solana-stablecoin-standard/sss-token/backend/node_modules/.pnpm/redis-parser@3.0.0/node_modules/redis-parser/lib/parser.js:179:12)
    at parseType (/home/alex/source/repos/solana-stablecoin-standard/sss-token/backend/node_modules/.pnpm/redis-parser@3.0.0/node_modules/redis-parser/lib/parser.js:302:14) {
  command: { name: 'info', args: [] }
}
Redis connected
Redis connection error: ReplyError: NOAUTH Authentication required.
    at parseError (/home/alex/source/repos/solana-stablecoin-standard/sss-token/backend/node_modules/.pnpm/redis-parser@3.0.0/node_modules/redis-parser/lib/parser.js:179:12)
    at parseType (/home/alex/source/repos/solana-stablecoin-standard/sss-token/backend/node_modules/.pnpm/redis-parser@3.0.0/node_modules/redis-parser/lib/parser.js:302:14) {
  command: { name: 'info', args: [] }
}
Redis connected
Redis connection error: ReplyError: NOAUTH Authentication required.
    at parseError (/home/alex/source/repos/solana-stablecoin-standard/sss-token/backend/node_modules/.pnpm/redis-parser@3.0.0/node_modules/redis-parser/lib/parser.js:179:12)
    at parseType (/home/alex/source/repos/solana-stablecoin-standard/sss-token/backend/node_modules/.pnpm/redis-parser@3.0.0/node_modules/redis-parser/lib/parser.js:302:14) {
  command: { name: 'info', args: [] }
}
Redis connected
Redis connection error: ReplyError: NOAUTH Authentication required.
    at parseError (/home/alex/source/repos/solana-stablecoin-standard/sss-token/backend/node_modules/.pnpm/redis-parser@3.0.0/node_modules/redis-parser/lib/parser.js:179:12)
    at parseType (/home/alex/source/repos/solana-stablecoin-standard/sss-token/backend/node_modules/.pnpm/redis-parser@3.0.0/node_modules/redis-parser/lib/parser.js:302:14) {
  command: { name: 'info', args: [] }
}
Redis connected
Redis connection error: ReplyError: NOAUTH Authentication required.
    at parseError (/home/alex/source/repos/solana-stablecoin-standard/sss-token/backend/node_modules/.pnpm/redis-parser@3.0.0/node_modules/redis-parser/lib/parser.js:179:12)
    at parseType (/home/alex/source/repos/solana-stablecoin-standard/sss-token/backend/node_modules/.pnpm/redis-parser@3.0.0/node_modules/redis-parser/lib/parser.js:302:14) {
  command: { name: 'info', args: [] }
}
Redis connected
Redis connection error: ReplyError: NOAUTH Authentication required.
    at parseError (/home/alex/source/repos/solana-stablecoin-standard/sss-token/backend/node_modules/.pnpm/redis-parser@3.0.0/node_modules/redis-parser/lib/parser.js:179:12)
    at parseType (/home/alex/source/repos/solana-stablecoin-standard/sss-token/backend/node_modules/.pnpm/redis-parser@3.0.0/node_modules/redis-parser/lib/parser.js:302:14) {
  command: { name: 'info', args: [] }
}
Redis connected
Redis connection error: ReplyError: NOAUTH Authentication required.
    at parseError (/home/alex/source/repos/solana-stablecoin-standard/sss-token/backend/node_modules/.pnpm/redis-parser@3.0.0/node_modules/redis-parser/lib/parser.js:179:12)
    at parseType (/home/alex/source/repos/solana-stablecoin-standard/sss-token/backend/node_modules/.pnpm/redis-parser@3.0.0/node_modules/redis-parser/lib/parser.js:302:14) {
  command: { name: 'info', args: [] }
}
Redis connected
Redis connection error: ReplyError: NOAUTH Authentication required.
    at parseError (/home/alex/source/repos/solana-stablecoin-standard/sss-token/backend/node_modules/.pnpm/redis-parser@3.0.0/node_modules/redis-parser/lib/parser.js:179:12)
    at parseType (/home/alex/source/repos/solana-stablecoin-standard/sss-token/backend/node_modules/.pnpm/redis-parser@3.0.0/node_modules/redis-parser/lib/parser.js:302:14) {
  command: { name: 'info', args: [] }
}
Redis connected
Redis connection error: ReplyError: NOAUTH Authentication required.
    at parseError (/home/alex/source/repos/solana-stablecoin-standard/sss-token/backend/node_modules/.pnpm/redis-parser@3.0.0/node_modules/redis-parser/lib/parser.js:179:12)
    at parseType (/home/alex/source/repos/solana-stablecoin-standard/sss-token/backend/node_modules/.pnpm/redis-parser@3.0.0/node_modules/redis-parser/lib/parser.js:302:14) {
  command: { name: 'info', args: [] }
}
 ELIFECYCLE  Command failed.
[2026-03-10 23:14:01.544 +0300] [32mINFO[39m: [36mShutting down compliance service...[39m
    service: "compliance-service"
