
> @sss-backend/indexer@1.0.0 dev /home/alex/source/repos/solana-stablecoin-standard/sss-token/backend/packages/indexer
> ts-node-dev --respawn --transpile-only src/index.ts

[INFO] 09:09:34 ts-node-dev ver. 2.0.0 (using ts-node ver. 10.9.2, typescript ver. 5.9.3)
Redis config: { host: 'localhost', port: 6379, hasPassword: false }
Redis connected
Redis connection error: NOAUTH Authentication required.
[2026-03-11 09:09:35.350 +0300] [32mINFO[39m: [36mInitializing indexer service...[39m
    service: "indexer"
[2026-03-11 09:09:35.351 +0300] [32mINFO[39m: [36mConfiguration[39m
    service: "indexer"
    rpcUrl: "http://localhost:8899"
    programId: "Hf1s4EvjS79S6kcHdKhaZHVQsnsjqMbJgBEFZfaGDPmw"
[2026-03-11 09:09:35.351 +0300] [32mINFO[39m: [36mDatabase initialized[39m
    service: "indexer"
[2026-03-11 09:09:35.353 +0300] [32mINFO[39m: [36mRedis initialized[39m
    service: "indexer"
[2026-03-11 09:09:35.354 +0300] [32mINFO[39m: [36mSolana connection established[39m
    service: "indexer"
[2026-03-11 09:09:35.418 +0300] [32mINFO[39m: [36mConnected to Solana node[39m
    service: "indexer"
    version: {
      "feature-set": 2142755730,
      "solana-core": "2.3.13"
    }
[2026-03-11 09:09:35.418 +0300] [32mINFO[39m: [36mSubscribing to real-time logs...[39m
    service: "indexer"
[2026-03-11 09:09:35.422 +0300] [32mINFO[39m: [36mSubscribed to program logs[39m
    service: "indexer"
[2026-03-11 09:09:35.452 +0300] [31mERROR[39m: [36mFatal error[39m
    service: "indexer"
    stack: "Error: SASL: SCRAM-SERVER-FIRST-MESSAGE: client password must be a string\n    at /home/alex/source/repos/solana-stablecoin-standard/sss-token/backend/node_modules/.pnpm/pg-pool@3.13.0_pg@8.20.0/node_modules/pg-pool/index.js:45:11\n    at processTicksAndRejections (node:internal/process/task_queues:105:5)\n    at getLatestEventSlot (/home/alex/source/repos/solana-stablecoin-standard/sss-token/backend/packages/shared/src/database.ts:158:18)\n    at getStartSlot (/home/alex/source/repos/solana-stablecoin-standard/sss-token/backend/packages/indexer/src/index.ts:76:22)\n    at startIndexing (/home/alex/source/repos/solana-stablecoin-standard/sss-token/backend/packages/indexer/src/index.ts:199:21)\n    at main (/home/alex/source/repos/solana-stablecoin-standard/sss-token/backend/packages/indexer/src/index.ts:292:5)"
    error: "SASL: SCRAM-SERVER-FIRST-MESSAGE: client password must be a string"
 ELIFECYCLE  Command failed.
