
> @sss-backend/mint-burn-service@1.0.0 dev /home/alex/source/repos/solana-stablecoin-standard/sss-token/backend/packages/mint-burn-service
> ts-node-dev --respawn --transpile-only src/index.ts

[INFO] 23:21:30 ts-node-dev ver. 2.0.0 (using ts-node ver. 10.9.2, typescript ver. 5.9.3)
Redis connected
Redis connection error: NOAUTH Authentication required.
[2026-03-10 23:21:31.134 +0300] [32mINFO[39m: [36mInitializing mint/burn service...[39m
    service: "mint-burn-service"
[2026-03-10 23:21:31.134 +0300] [32mINFO[39m: [36mDatabase initialized[39m
    service: "mint-burn-service"
[2026-03-10 23:21:31.136 +0300] [32mINFO[39m: [36mRedis initialized[39m
    service: "mint-burn-service"
[2026-03-10 23:21:31.137 +0300] [32mINFO[39m: [36mSolana connection established[39m
    service: "mint-burn-service"
    rpcUrl: "http://localhost:8899"
[2026-03-10 23:21:31.137 +0300] [33mWARN[39m: [36mMinter keypair not found - transactions will be simulated[39m
    service: "mint-burn-service"
    path: "/home/alex/source/repos/solana-stablecoin-standard/sss-token/backend/packages/mint-burn-service/secrets/minter.json"
[2026-03-10 23:21:31.137 +0300] [32mINFO[39m: [36mMint/Burn service initialized[39m
    service: "mint-burn-service"
[2026-03-10 23:21:31.145 +0300] [32mINFO[39m: [36mMint/Burn service listening[39m
    service: "mint-burn-service"
    port: 3001
Redis connected
Redis connection error: NOAUTH Authentication required.
Redis connected
Redis connection error: NOAUTH Authentication required.
Redis connected
Redis connection error: NOAUTH Authentication required.
Redis connection failed after 3 retries
[2026-03-10 23:21:39.130 +0300] [32mINFO[39m: [36mRequest[39m
    service: "mint-burn-service"
    method: "GET"
    path: "/health"
ŌĆēELIFECYCLEŌĆē Command failed.
Error: Connection is closed.
    at EventEmitter.sendCommand (/home/alex/source/repos/solana-stablecoin-standard/sss-token/backend/node_modules/.pnpm/ioredis@5.10.0/node_modules/ioredis/built/Redis.js:333:28)
    at EventEmitter.quit (/home/alex/source/repos/solana-stablecoin-standard/sss-token/backend/node_modules/.pnpm/ioredis@5.10.0/node_modules/ioredis/built/utils/Commander.js:90:25)
    at closeRedis (/home/alex/source/repos/solana-stablecoin-standard/sss-token/backend/packages/shared/src/redis.ts:90:17)
    at process.shutdown (/home/alex/source/repos/solana-stablecoin-standard/sss-token/backend/packages/mint-burn-service/src/index.ts:346:19)
[2026-03-10 23:22:35.319 +0300] [32mINFO[39m: [36mShutting down mint/burn service...[39m
    service: "mint-burn-service"
