Redis config: { host: 'localhost', port: 6379, hasPassword: true }
[2026-03-12 10:11:14.359 +0300] [32mINFO[39m: [36mInitializing compliance service...[39m
    service: "compliance-service"
[2026-03-12 10:11:14.360 +0300] [32mINFO[39m: [36mDatabase initialized[39m
    service: "compliance-service"
[2026-03-12 10:11:14.362 +0300] [32mINFO[39m: [36mRedis initialized[39m
    service: "compliance-service"
/home/alex/source/repos/solana-stablecoin-standard/sss-token/backend/node_modules/.pnpm/node-cron@3.0.3/node_modules/node-cron/src/convert-expression/month-names-conversion.js:10
            expression = expression.replace(new RegExp(items[i], 'gi'), parseInt(i, 10) + 1);
                                    ^

TypeError: Cannot read properties of undefined (reading 'replace')
    at convertMonthName (/home/alex/source/repos/solana-stablecoin-standard/sss-token/backend/node_modules/.pnpm/node-cron@3.0.3/node_modules/node-cron/src/convert-expression/month-names-conversion.js:10:37)
    at interprete (/home/alex/source/repos/solana-stablecoin-standard/sss-token/backend/node_modules/.pnpm/node-cron@3.0.3/node_modules/node-cron/src/convert-expression/month-names-conversion.js:16:27)
    at interprete (/home/alex/source/repos/solana-stablecoin-standard/sss-token/backend/node_modules/.pnpm/node-cron@3.0.3/node_modules/node-cron/src/convert-expression/index.js:54:26)
    at validate (/home/alex/source/repos/solana-stablecoin-standard/sss-token/backend/node_modules/.pnpm/node-cron@3.0.3/node_modules/node-cron/src/pattern-validation.js:117:32)
    at new TimeMatcher (/home/alex/source/repos/solana-stablecoin-standard/sss-token/backend/node_modules/.pnpm/node-cron@3.0.3/node_modules/node-cron/src/time-matcher.js:14:9)
    at new Scheduler (/home/alex/source/repos/solana-stablecoin-standard/sss-token/backend/node_modules/.pnpm/node-cron@3.0.3/node_modules/node-cron/src/scheduler.js:9:28)
    at new ScheduledTask (/home/alex/source/repos/solana-stablecoin-standard/sss-token/backend/node_modules/.pnpm/node-cron@3.0.3/node_modules/node-cron/src/scheduled-task.js:22:27)
    at createTask (/home/alex/source/repos/solana-stablecoin-standard/sss-token/backend/node_modules/.pnpm/node-cron@3.0.3/node_modules/node-cron/src/node-cron.js:36:12)
    at Object.schedule (/home/alex/source/repos/solana-stablecoin-standard/sss-token/backend/node_modules/.pnpm/node-cron@3.0.3/node_modules/node-cron/src/node-cron.js:25:18)
    at startBackgroundJobs (/home/alex/source/repos/solana-stablecoin-standard/sss-token/backend/packages/compliance-service/dist/index.js:280:25)

Node.js v24.10.0
